<?xml version="1.0" encoding="UTF-8"?>
<!-- Generated by org.testng.reporters.JUnitXMLReporter -->
<testsuite ignored="0" hostname="DESKTOP-LEQJLJ7" failures="0" tests="4" name="Default test" time="253.564" errors="0" timestamp="2024-10-27T18:33:53 IST">
  <testcase classname="com.test.LoginTest" name="loginTest" time="18.435"/>
  <testcase classname="com.test.LoginTest" name="loginTest" time="10.686"/>
  <testcase classname="com.test.LoginTest" name="loginTest" time="10.831"/>
  <testcase classname="com.test.LoginTest" name="loginTest" time="26.622"/>
</testsuite> <!-- Default test -->
