<?xml version="1.0" encoding="UTF-8"?>
<testng-results ignored="0" total="4" passed="3" failed="1" skipped="0">
  <reporter-output>
  </reporter-output>
  <suite started-at="2024-10-27T22:34:07 IST" name="Suite" finished-at="2024-10-27T22:40:24 IST" duration-ms="376695">
    <groups>
    </groups>
    <test started-at="2024-10-27T22:34:07 IST" name="Test" finished-at="2024-10-27T22:40:24 IST" duration-ms="376695">
      <class name="com.test.LoginTest">
        <test-method is-config="true" signature="setUpExtent()[pri:0, instance:com.test.LoginTest@7e057f43]" started-at="2024-10-27T22:34:03 IST" name="setUpExtent" finished-at="2024-10-27T22:34:07 IST" duration-ms="4286" status="PASS">
          <reporter-output>
          </reporter-output>
        </test-method> <!-- setUpExtent -->
        <test-method is-config="true" signature="setUp()[pri:0, instance:com.test.LoginTest@7e057f43]" started-at="2024-10-27T22:34:11 IST" name="setUp" finished-at="2024-10-27T22:35:00 IST" duration-ms="49164" status="PASS">
          <reporter-output>
          </reporter-output>
        </test-method> <!-- setUp -->
        <test-method signature="loginTest(java.lang.String,java.lang.String)[pri:0, instance:com.test.LoginTest@7e057f43]" started-at="2024-10-27T22:35:00 IST" name="loginTest" data-provider="LoginData" finished-at="2024-10-27T22:35:23 IST" duration-ms="23449" status="PASS">
          <params>
            <param index="0">
              <value>
                <![CDATA[amalkhan858@gmail.com]]>
              </value>
            </param>
            <param index="1">
              <value>
                <![CDATA[Amal@89210]]>
              </value>
            </param>
          </params>
          <reporter-output>
          </reporter-output>
        </test-method> <!-- loginTest -->
        <test-method is-config="true" signature="tearDown()[pri:0, instance:com.test.LoginTest@7e057f43]" started-at="2024-10-27T22:35:23 IST" name="tearDown" finished-at="2024-10-27T22:35:23 IST" duration-ms="1" status="PASS">
          <reporter-output>
          </reporter-output>
        </test-method> <!-- tearDown -->
        <test-method is-config="true" signature="setUp()[pri:0, instance:com.test.LoginTest@7e057f43]" started-at="2024-10-27T22:35:23 IST" name="setUp" finished-at="2024-10-27T22:36:04 IST" duration-ms="40592" status="PASS">
          <reporter-output>
          </reporter-output>
        </test-method> <!-- setUp -->
        <test-method signature="loginTest(java.lang.String,java.lang.String)[pri:0, instance:com.test.LoginTest@7e057f43]" started-at="2024-10-27T22:36:04 IST" name="loginTest" data-provider="LoginData" finished-at="2024-10-27T22:36:30 IST" duration-ms="25829" status="PASS">
          <params>
            <param index="0">
              <value>
                <![CDATA[amal@gmail.com]]>
              </value>
            </param>
            <param index="1">
              <value>
                <![CDATA[Amal@5698]]>
              </value>
            </param>
          </params>
          <reporter-output>
          </reporter-output>
        </test-method> <!-- loginTest -->
        <test-method is-config="true" signature="tearDown()[pri:0, instance:com.test.LoginTest@7e057f43]" started-at="2024-10-27T22:36:30 IST" name="tearDown" finished-at="2024-10-27T22:36:30 IST" duration-ms="1" status="PASS">
          <reporter-output>
          </reporter-output>
        </test-method> <!-- tearDown -->
        <test-method is-config="true" signature="setUp()[pri:0, instance:com.test.LoginTest@7e057f43]" started-at="2024-10-27T22:36:30 IST" name="setUp" finished-at="2024-10-27T22:37:24 IST" duration-ms="53848" status="PASS">
          <reporter-output>
          </reporter-output>
        </test-method> <!-- setUp -->
        <test-method signature="loginTest(java.lang.String,java.lang.String)[pri:0, instance:com.test.LoginTest@7e057f43]" started-at="2024-10-27T22:37:24 IST" name="loginTest" data-provider="LoginData" finished-at="2024-10-27T22:37:35 IST" duration-ms="11039" status="PASS">
          <params>
            <param index="0">
              <value>
                <![CDATA[amalkhan858@gmail.com]]>
              </value>
            </param>
            <param index="1">
              <value>
                <![CDATA[Amal@5000]]>
              </value>
            </param>
          </params>
          <reporter-output>
          </reporter-output>
        </test-method> <!-- loginTest -->
        <test-method is-config="true" signature="tearDown()[pri:0, instance:com.test.LoginTest@7e057f43]" started-at="2024-10-27T22:37:35 IST" name="tearDown" finished-at="2024-10-27T22:37:35 IST" duration-ms="1" status="PASS">
          <reporter-output>
          </reporter-output>
        </test-method> <!-- tearDown -->
        <test-method is-config="true" signature="setUp()[pri:0, instance:com.test.LoginTest@7e057f43]" started-at="2024-10-27T22:37:35 IST" name="setUp" finished-at="2024-10-27T22:39:54 IST" duration-ms="139069" status="PASS">
          <reporter-output>
          </reporter-output>
        </test-method> <!-- setUp -->
        <test-method signature="loginTest(java.lang.String,java.lang.String)[pri:0, instance:com.test.LoginTest@7e057f43]" started-at="2024-10-27T22:39:54 IST" name="loginTest" data-provider="LoginData" finished-at="2024-10-27T22:40:20 IST" duration-ms="25960" status="FAIL">
          <params>
            <param index="0">
              <value>
                <![CDATA[amal@gmail.com]]>
              </value>
            </param>
            <param index="1">
              <value>
                <![CDATA[Amal@89210]]>
              </value>
            </param>
          </params>
          <exception class="org.openqa.selenium.ElementClickInterceptedException">
            <message>
              <![CDATA[element click intercepted: Element is not clickable at point (305, 724)
  (Session info: chrome=130.0.6723.70)
Build info: version: '4.14.0', revision: 'e5a96349ce'
System info: os.name: 'Windows 10', os.arch: 'amd64', os.version: '10.0', java.version: '16.0.1'
Driver info: org.openqa.selenium.chrome.ChromeDriver
Command: [08a6dd6728aab9c1f1d382e6b1d1a8b4, clickElement {id=f.6C22D1511EB56BB412BACD9E1C2CCB3C.d.51EDF97BDC4BF9B99E61EEB321A5C46C.e.7}]
Capabilities {acceptInsecureCerts: false, browserName: chrome, browserVersion: 130.0.6723.70, chrome: {chromedriverVersion: 130.0.6723.69 (3ec172b971b9..., userDataDir: C:\Users\amal\AppData\Local...}, fedcm:accounts: true, goog:chromeOptions: {debuggerAddress: localhost:61635}, networkConnectionEnabled: false, pageLoadStrategy: normal, platformName: windows, proxy: Proxy(), se:cdp: ws://localhost:61635/devtoo..., se:cdpVersion: 130.0.6723.70, setWindowRect: true, strictFileInteractability: false, timeouts: {implicit: 0, pageLoad: 300000, script: 30000}, unhandledPromptBehavior: dismiss and notify, webauthn:extension:credBlob: true, webauthn:extension:largeBlob: true, webauthn:extension:minPinLength: true, webauthn:extension:prf: true, webauthn:virtualAuthenticators: true}
Element: [[ChromeDriver: chrome on windows (08a6dd6728aab9c1f1d382e6b1d1a8b4)] -> xpath: //button[@id='kt_login_signin_submit']]
Session ID: 08a6dd6728aab9c1f1d382e6b1d1a8b4]]>
            </message>
            <full-stacktrace>
              <![CDATA[org.openqa.selenium.ElementClickInterceptedException: element click intercepted: Element is not clickable at point (305, 724)
  (Session info: chrome=130.0.6723.70)
Build info: version: '4.14.0', revision: 'e5a96349ce'
System info: os.name: 'Windows 10', os.arch: 'amd64', os.version: '10.0', java.version: '16.0.1'
Driver info: org.openqa.selenium.chrome.ChromeDriver
Command: [08a6dd6728aab9c1f1d382e6b1d1a8b4, clickElement {id=f.6C22D1511EB56BB412BACD9E1C2CCB3C.d.51EDF97BDC4BF9B99E61EEB321A5C46C.e.7}]
Capabilities {acceptInsecureCerts: false, browserName: chrome, browserVersion: 130.0.6723.70, chrome: {chromedriverVersion: 130.0.6723.69 (3ec172b971b9..., userDataDir: C:\Users\amal\AppData\Local...}, fedcm:accounts: true, goog:chromeOptions: {debuggerAddress: localhost:61635}, networkConnectionEnabled: false, pageLoadStrategy: normal, platformName: windows, proxy: Proxy(), se:cdp: ws://localhost:61635/devtoo..., se:cdpVersion: 130.0.6723.70, setWindowRect: true, strictFileInteractability: false, timeouts: {implicit: 0, pageLoad: 300000, script: 30000}, unhandledPromptBehavior: dismiss and notify, webauthn:extension:credBlob: true, webauthn:extension:largeBlob: true, webauthn:extension:minPinLength: true, webauthn:extension:prf: true, webauthn:virtualAuthenticators: true}
Element: [[ChromeDriver: chrome on windows (08a6dd6728aab9c1f1d382e6b1d1a8b4)] -> xpath: //button[@id='kt_login_signin_submit']]
Session ID: 08a6dd6728aab9c1f1d382e6b1d1a8b4
at java.base/jdk.internal.reflect.NativeConstructorAccessorImpl.newInstance0(Native Method)
at java.base/jdk.internal.reflect.NativeConstructorAccessorImpl.newInstance(NativeConstructorAccessorImpl.java:78)
at java.base/jdk.internal.reflect.DelegatingConstructorAccessorImpl.newInstance(DelegatingConstructorAccessorImpl.java:45)
at java.base/java.lang.reflect.Constructor.newInstanceWithCaller(Constructor.java:499)
at java.base/java.lang.reflect.Constructor.newInstance(Constructor.java:480)
at org.openqa.selenium.remote.codec.w3c.W3CHttpResponseCodec.createException(W3CHttpResponseCodec.java:200)
at org.openqa.selenium.remote.codec.w3c.W3CHttpResponseCodec.decode(W3CHttpResponseCodec.java:133)
at org.openqa.selenium.remote.codec.w3c.W3CHttpResponseCodec.decode(W3CHttpResponseCodec.java:52)
at org.openqa.selenium.remote.HttpCommandExecutor.execute(HttpCommandExecutor.java:191)
at org.openqa.selenium.remote.service.DriverCommandExecutor.invokeExecute(DriverCommandExecutor.java:196)
at org.openqa.selenium.remote.service.DriverCommandExecutor.execute(DriverCommandExecutor.java:171)
at org.openqa.selenium.remote.RemoteWebDriver.execute(RemoteWebDriver.java:602)
at org.openqa.selenium.remote.RemoteWebElement.execute(RemoteWebElement.java:224)
at org.openqa.selenium.remote.RemoteWebElement.click(RemoteWebElement.java:77)
at java.base/jdk.internal.reflect.NativeMethodAccessorImpl.invoke0(Native Method)
at java.base/jdk.internal.reflect.NativeMethodAccessorImpl.invoke(NativeMethodAccessorImpl.java:78)
at java.base/jdk.internal.reflect.DelegatingMethodAccessorImpl.invoke(DelegatingMethodAccessorImpl.java:43)
at java.base/java.lang.reflect.Method.invoke(Method.java:567)
at org.openqa.selenium.support.pagefactory.internal.LocatingElementHandler.invoke(LocatingElementHandler.java:51)
at jdk.proxy2/jdk.proxy2.$Proxy20.click(Unknown Source)
at com.page.LoginPage.ClickLoginButton(LoginPage.java:37)
at com.test.LoginTest.loginTest(LoginTest.java:45)
at java.base/jdk.internal.reflect.NativeMethodAccessorImpl.invoke0(Native Method)
at java.base/jdk.internal.reflect.NativeMethodAccessorImpl.invoke(NativeMethodAccessorImpl.java:78)
at java.base/jdk.internal.reflect.DelegatingMethodAccessorImpl.invoke(DelegatingMethodAccessorImpl.java:43)
at java.base/java.lang.reflect.Method.invoke(Method.java:567)
at org.testng.internal.invokers.MethodInvocationHelper.invokeMethod(MethodInvocationHelper.java:141)
at org.testng.internal.invokers.TestInvoker.invokeMethod(TestInvoker.java:686)
at org.testng.internal.invokers.TestInvoker.invokeTestMethod(TestInvoker.java:230)
at org.testng.internal.invokers.MethodRunner.runInSequence(MethodRunner.java:63)
at org.testng.internal.invokers.TestInvoker$MethodInvocationAgent.invoke(TestInvoker.java:992)
at org.testng.internal.invokers.TestInvoker.invokeTestMethods(TestInvoker.java:203)
at org.testng.internal.invokers.TestMethodWorker.invokeTestMethods(TestMethodWorker.java:154)
at org.testng.internal.invokers.TestMethodWorker.run(TestMethodWorker.java:134)
at java.base/java.util.concurrent.Executors$RunnableAdapter.call(Executors.java:515)
at java.base/java.util.concurrent.FutureTask.run(FutureTask.java:264)
at org.testng.internal.thread.graph.TestNGFutureTask.run(TestNGFutureTask.java:22)
at java.base/java.util.concurrent.ThreadPoolExecutor.runWorker(ThreadPoolExecutor.java:1130)
at java.base/java.util.concurrent.ThreadPoolExecutor$Worker.run(ThreadPoolExecutor.java:630)
at java.base/java.lang.Thread.run(Thread.java:831)
]]>
            </full-stacktrace>
          </exception> <!-- org.openqa.selenium.ElementClickInterceptedException -->
          <reporter-output>
          </reporter-output>
        </test-method> <!-- loginTest -->
        <test-method is-config="true" signature="tearDown()[pri:0, instance:com.test.LoginTest@7e057f43]" started-at="2024-10-27T22:40:22 IST" name="tearDown" finished-at="2024-10-27T22:40:22 IST" duration-ms="0" status="PASS">
          <reporter-output>
          </reporter-output>
        </test-method> <!-- tearDown -->
        <test-method is-config="true" signature="tearDownExtent()[pri:0, instance:com.test.LoginTest@7e057f43]" started-at="2024-10-27T22:40:46 IST" name="tearDownExtent" finished-at="2024-10-27T22:41:09 IST" duration-ms="23645" status="PASS">
          <reporter-output>
          </reporter-output>
        </test-method> <!-- tearDownExtent -->
      </class> <!-- com.test.LoginTest -->
    </test> <!-- Test -->
  </suite> <!-- Suite -->
</testng-results>
